+ NGPU=2
+ export LOG_RANK=0
+ LOG_RANK=0
+ MODULE=ouro
+ CONFIG=ouro_1_4b
+ COMM_MODE=
+ TORCHFT_LIGHTHOUSE=http://localhost:29510
+ DEFAULT_ARGS=(--parallelism.data_parallel_shard_degree=2 --parallelism.tensor_parallel_degree=1 --training.local_batch_size=2 --training.seq_len=2048)
+ '[' -n '' ']'
+ PYTORCH_ALLOC_CONF=expandable_segments:True
+ TORCHFT_LIGHTHOUSE=http://localhost:29510
+ torchrun --nproc_per_node=2 --rdzv_backend c10d --rdzv_endpoint=localhost:0 --local-ranks-filter 0 --role rank --tee 3 -m torchtitan.train --module ouro --config ouro_1_4b --parallelism.data_parallel_shard_degree=2 --parallelism.tensor_parallel_degree=1 --training.local_batch_size=2 --training.seq_len=2048
I0408 10:03:24.452000 318861 torch/distributed/run.py:737] Using nproc_per_node=2.
W0408 10:03:24.453000 318861 torch/distributed/run.py:852] 
W0408 10:03:24.453000 318861 torch/distributed/run.py:852] *****************************************
W0408 10:03:24.453000 318861 torch/distributed/run.py:852] Setting OMP_NUM_THREADS environment variable for each process to be 1 in default, to avoid your system being overloaded, please further tune the variable for optimal performance in your application as needed. 
W0408 10:03:24.453000 318861 torch/distributed/run.py:852] *****************************************
I0408 10:03:24.870000 318861 torch/distributed/launcher/api.py:131] Using default numa options = None
I0408 10:03:24.870000 318861 torch/distributed/launcher/api.py:224] Starting elastic_operator with launch configs:
I0408 10:03:24.870000 318861 torch/distributed/launcher/api.py:224]   entrypoint               : torchtitan.train
I0408 10:03:24.870000 318861 torch/distributed/launcher/api.py:224]   min_nodes                : 1
I0408 10:03:24.870000 318861 torch/distributed/launcher/api.py:224]   max_nodes                : 1
I0408 10:03:24.870000 318861 torch/distributed/launcher/api.py:224]   nproc_per_node           : 2
I0408 10:03:24.870000 318861 torch/distributed/launcher/api.py:224]   run_id                   : none
I0408 10:03:24.870000 318861 torch/distributed/launcher/api.py:224]   rdzv_backend             : c10d
I0408 10:03:24.870000 318861 torch/distributed/launcher/api.py:224]   rdzv_endpoint            : localhost:0
I0408 10:03:24.870000 318861 torch/distributed/launcher/api.py:224]   rdzv_configs             : {'timeout': 900}
I0408 10:03:24.870000 318861 torch/distributed/launcher/api.py:224]   max_restarts             : 0
I0408 10:03:24.870000 318861 torch/distributed/launcher/api.py:224]   monitor_interval         : 0.1
I0408 10:03:24.870000 318861 torch/distributed/launcher/api.py:224]   log_dir                  : /tmp/torchelastic_tvkdj73j
I0408 10:03:24.870000 318861 torch/distributed/launcher/api.py:224]   metrics_cfg              : {}
I0408 10:03:24.870000 318861 torch/distributed/launcher/api.py:224]   event_log_handler        : null
I0408 10:03:24.870000 318861 torch/distributed/launcher/api.py:224]   numa_options             : None
I0408 10:03:24.870000 318861 torch/distributed/launcher/api.py:224]   signals_to_handle        : SIGTERM,SIGINT,SIGHUP,SIGQUIT
I0408 10:03:24.870000 318861 torch/distributed/launcher/api.py:224]   duplicate_stdout_filters : []
I0408 10:03:24.870000 318861 torch/distributed/launcher/api.py:224]   duplicate_stderr_filters : []
I0408 10:03:24.870000 318861 torch/distributed/launcher/api.py:224] 
I0408 10:03:24.896000 318861 torch/distributed/elastic/agent/server/api.py:898] [rank] starting workers for entrypoint: python
I0408 10:03:24.897000 318861 torch/distributed/elastic/agent/server/api.py:693] [rank] Rendezvous'ing worker group
I0408 10:03:25.142000 318861 torch/distributed/elastic/agent/server/api.py:539] [rank] Rendezvous complete for workers. Result:
I0408 10:03:25.142000 318861 torch/distributed/elastic/agent/server/api.py:539]   restart_count=0
I0408 10:03:25.142000 318861 torch/distributed/elastic/agent/server/api.py:539]   master_addr=gpua045.delta.ncsa.illinois.edu
I0408 10:03:25.142000 318861 torch/distributed/elastic/agent/server/api.py:539]   master_port=33477
I0408 10:03:25.142000 318861 torch/distributed/elastic/agent/server/api.py:539]   group_rank=0
I0408 10:03:25.142000 318861 torch/distributed/elastic/agent/server/api.py:539]   group_world_size=1
I0408 10:03:25.142000 318861 torch/distributed/elastic/agent/server/api.py:539]   local_ranks=[0, 1]
I0408 10:03:25.142000 318861 torch/distributed/elastic/agent/server/api.py:539]   role_ranks=[0, 1]
I0408 10:03:25.142000 318861 torch/distributed/elastic/agent/server/api.py:539]   global_ranks=[0, 1]
I0408 10:03:25.142000 318861 torch/distributed/elastic/agent/server/api.py:539]   role_world_sizes=[2, 2]
I0408 10:03:25.142000 318861 torch/distributed/elastic/agent/server/api.py:539]   global_world_sizes=[2, 2]
I0408 10:03:25.142000 318861 torch/distributed/elastic/agent/server/api.py:539]   event_log_handler=null
I0408 10:03:25.142000 318861 torch/distributed/elastic/agent/server/api.py:539] 
I0408 10:03:25.142000 318861 torch/distributed/elastic/agent/server/api.py:701] [rank] Starting worker group
I0408 10:03:25.143000 318861 torch/distributed/elastic/agent/server/local_elastic_agent.py:296] use_agent_store: True
I0408 10:03:25.144000 318861 torch/distributed/elastic/agent/server/local_elastic_agent.py:192] Environment variable 'TORCHELASTIC_ENABLE_FILE_TIMER' not found. Do not start FileTimerServer.
I0408 10:03:25.144000 318861 torch/distributed/elastic/agent/server/local_elastic_agent.py:236] Environment variable 'TORCHELASTIC_HEALTH_CHECK_PORT' not found. Do not start health check.
[rank0]:/u/jli37/research/torchtitan/torchtitan/distributed/utils.py:395: UserWarning: Set timeout is now only supported for either nccl or gloo.
[rank0]:  torch.distributed.distributed_c10d._set_pg_timeout(timeout, group)
I0408 10:04:01.273000 318861 torch/distributed/elastic/agent/server/api.py:917] [rank] worker group successfully finished. Waiting 300 seconds for other agents to finish.
I0408 10:04:01.275000 318861 torch/distributed/elastic/agent/server/api.py:970] Local worker group finished (WorkerState.SUCCEEDED). Waiting 300 seconds for other agents to finish
I0408 10:04:01.275000 318861 torch/distributed/elastic/agent/server/api.py:984] Done waiting for other agents. Elapsed: 0.00022459030151367188 seconds
